Using CPU. Note: This module is much faster with a GPU.

Downloading detection model, please wait. This may take several minutes depending upon your network connection.

Traceback (most recent call last):

  File "/usr/local/lib/python3.10/urllib/request.py", line 1348, in do_open

    h.request(req.get_method(), req.selector, req.data, headers,

  File "/usr/local/lib/python3.10/http/client.py", line 1283, in request

    self._send_request(method, url, body, headers, encode_chunked)

  File "/usr/local/lib/python3.10/http/client.py", line 1329, in _send_request

    self.endheaders(body, encode_chunked=encode_chunked)

  File "/usr/local/lib/python3.10/http/client.py", line 1278, in endheaders

    self._send_output(message_body, encode_chunked=encode_chunked)

  File "/usr/local/lib/python3.10/http/client.py", line 1038, in _send_output

    self.send(msg)

  File "/usr/local/lib/python3.10/http/client.py", line 976, in send

    self.connect()

  File "/usr/local/lib/python3.10/http/client.py", line 1455, in connect

    self.sock = self._context.wrap_socket(self.sock,

  File "/usr/local/lib/python3.10/ssl.py", line 513, in wrap_socket

    return self.sslsocket_class._create(

  File "/usr/local/lib/python3.10/ssl.py", line 1104, in _create

    self.do_handshake()

  File "/usr/local/lib/python3.10/ssl.py", line 1375, in do_handshake

    self._sslobj.do_handshake()

ssl.SSLCertVerificationError: [SSL: CERTIFICATE_VERIFY_FAILED] certificate verify failed: unable to get local issuer certificate (_ssl.c:1017)
 
During handling of the above exception, another exception occurred:
 
Traceback (most recent call last):

  File "/usr/local/bin/uvicorn", line 7, in <module>

    sys.exit(main())

  File "/usr/local/lib/python3.10/site-packages/click/core.py", line 1485, in __call__

    return self.main(*args, **kwargs)

  File "/usr/local/lib/python3.10/site-packages/click/core.py", line 1406, in main

    rv = self.invoke(ctx)

  File "/usr/local/lib/python3.10/site-packages/click/core.py", line 1269, in invoke

    return ctx.invoke(self.callback, **ctx.params)

  File "/usr/local/lib/python3.10/site-packages/click/core.py", line 824, in invoke

    return callback(*args, **kwargs)

  File "/usr/local/lib/python3.10/site-packages/uvicorn/main.py", line 413, in main

    run(

  File "/usr/local/lib/python3.10/site-packages/uvicorn/main.py", line 580, in run

    server.run()

  File "/usr/local/lib/python3.10/site-packages/uvicorn/server.py", line 67, in run

    return asyncio.run(self.serve(sockets=sockets))

  File "/usr/local/lib/python3.10/asyncio/runners.py", line 44, in run

    return loop.run_until_complete(main)

  File "uvloop/loop.pyx", line 1518, in uvloop.loop.Loop.run_until_complete

  File "/usr/local/lib/python3.10/site-packages/uvicorn/server.py", line 71, in serve

    await self._serve(sockets)

  File "/usr/local/lib/python3.10/site-packages/uvicorn/server.py", line 78, in _serve

    config.load()

  File "/usr/local/lib/python3.10/site-packages/uvicorn/config.py", line 436, in load

    self.loaded_app = import_from_string(self.app)

  File "/usr/local/lib/python3.10/site-packages/uvicorn/importer.py", line 19, in import_from_string

    module = importlib.import_module(module_str)

  File "/usr/local/lib/python3.10/importlib/__init__.py", line 126, in import_module

    return _bootstrap._gcd_import(name[level:], package, level)

  File "<frozen importlib._bootstrap>", line 1050, in _gcd_import

  File "<frozen importlib._bootstrap>", line 1027, in _find_and_load

  File "<frozen importlib._bootstrap>", line 1006, in _find_and_load_unlocked

  File "<frozen importlib._bootstrap>", line 688, in _load_unlocked

  File "<frozen importlib._bootstrap_external>", line 883, in exec_module

  File "<frozen importlib._bootstrap>", line 241, in _call_with_frames_removed

  File "/app/app.py", line 14, in <module>

    reader = easyocr.Reader(["en","hi"], gpu=False)

  File "/usr/local/lib/python3.10/site-packages/easyocr/easyocr.py", line 92, in __init__

    detector_path = self.getDetectorPath(detect_network)

  File "/usr/local/lib/python3.10/site-packages/easyocr/easyocr.py", line 253, in getDetectorPath

    download_and_unzip(self.detection_models[self.detect_network]['url'], self.detection_models[self.detect_network]['filename'], self.model_storage_directory, self.verbose)

  File "/usr/local/lib/python3.10/site-packages/easyocr/utils.py", line 628, in download_and_unzip

    urlretrieve(url, zip_path, reporthook=reporthook)

  File "/usr/local/lib/python3.10/urllib/request.py", line 241, in urlretrieve

    with contextlib.closing(urlopen(url, data)) as fp:

  File "/usr/local/lib/python3.10/urllib/request.py", line 216, in urlopen

    return opener.open(url, data, timeout)

  File "/usr/local/lib/python3.10/urllib/request.py", line 519, in open

    response = self._open(req, data)

  File "/usr/local/lib/python3.10/urllib/request.py", line 536, in _open

    result = self._call_chain(self.handle_open, protocol, protocol +

  File "/usr/local/lib/python3.10/urllib/request.py", line 496, in _call_chain

    result = func(*args)

  File "/usr/local/lib/python3.10/urllib/request.py", line 1391, in https_open

    return self.do_open(http.client.HTTPSConnection, req,

  File "/usr/local/lib/python3.10/urllib/request.py", line 1351, in do_open

    raise URLError(err)

urllib.error.URLError: <urlopen error [SSL: CERTIFICATE_VERIFY_FAILED] certificate verify failed: unable to get local issuer certificate (_ssl.c:1017)>

 
